Using pre-set license
Built from '2020.2/staging' branch; Version is '2020.2.3f1 (8ff31bc5bf5b) revision 9433883'; Using compiler version '192528614'; Build Type 'Release'
OS: 'Windows 10 Pro; OS build 19041.264; Version 2004; 64bit' Language: 'en' Physical Memory: 5943 MB
BatchMode: 1, IsHumanControllingUs: 0, StartBugReporterOnCrash: 0, Is64bit: 1, IsPro: 0

 COMMAND LINE ARGUMENTS:
C:\UNITY FREE\2020.2.3f1\Editor\Unity.exe
-adb2
-batchMode
-noUpm
-name
AssetImportWorker0
-projectPath
C:/Users/REGITA/Documents/#2021 - Copy
-logFile
Logs/AssetImportWorker0.log
-srvPort
10049
Successfully changed project path to: C:/Users/REGITA/Documents/#2021 - Copy
C:/Users/REGITA/Documents/#2021 - Copy
Using Asset Import Pipeline V2.
Refreshing native plugins compatible for Editor in 94.12 ms, found 1 plugins.
Preloading 0 native plugins for Editor in 0.00 ms.
Initialize engine version: 2020.2.3f1 (8ff31bc5bf5b)
[Subsystems] Discovering subsystems at path C:/UNITY FREE/2020.2.3f1/Editor/Data/Resources/UnitySubsystems
[Subsystems] Discovering subsystems at path C:/Users/REGITA/Documents/#2021 - Copy/Assets
GfxDevice: creating device client; threaded=0
Direct3D:
    Version:  Direct3D 11.0 [level 10.0]
    Renderer: Intel(R) HD Graphics (ID=0x42)
    Vendor:   
    VRAM:     128 MB
    Driver:   8.15.10.2900
Initialize mono
Mono path[0] = 'C:/UNITY FREE/2020.2.3f1/Editor/Data/Managed'
Mono path[1] = 'C:/UNITY FREE/2020.2.3f1/Editor/Data/MonoBleedingEdge/lib/mono/unityjit'
Mono config path = 'C:/UNITY FREE/2020.2.3f1/Editor/Data/MonoBleedingEdge/etc'
Using monoOptions --debugger-agent=transport=dt_socket,embedding=1,server=y,suspend=n,address=127.0.0.1:56260
Begin MonoManager ReloadAssembly
Registering precompiled unity dll's ...
Register platform support module: C:/UNITY FREE/2020.2.3f1/Editor/Data/PlaybackEngines/WindowsStandaloneSupport/UnityEditor.WindowsStandalone.Extensions.dll
Registered in 0.002538 seconds.
Native extension for WindowsStandalone target not found
Refreshing native plugins compatible for Editor in 95.28 ms, found 1 plugins.
Preloading 0 native plugins for Editor in 0.00 ms.
Invoked RoslynAnalysisRunner static constructor.
RoslynAnalysisRunner will not be running.
RoslynAnalysisRunner has terminated.
Mono: successfully reloaded assembly
- Completed reload, in  3.052 seconds
Platform modules already initialized, skipping
Registering precompiled user dll's ...
Registered in 0.004244 seconds.
Begin MonoManager ReloadAssembly
Native extension for WindowsStandalone target not found
Refreshing native plugins compatible for Editor in 75.82 ms, found 1 plugins.
Preloading 0 native plugins for Editor in 0.00 ms.
Invoked RoslynAnalysisRunner static constructor.
RoslynAnalysisRunner will not be running.
RoslynAnalysisRunner has terminated.
Mono: successfully reloaded assembly
- Completed reload, in  1.941 seconds
Platform modules already initialized, skipping
========================================================================
Worker process is ready to serve import requests
Launched and connected shader compiler UnityShaderCompiler.exe after 0.05 seconds
Refreshing native plugins compatible for Editor in 1.37 ms, found 1 plugins.
Preloading 0 native plugins for Editor in 0.00 ms.
Unloading 2175 Unused Serialized files (Serialized files now loaded: 0)
System memory in use before: 96.6 MB.
System memory in use after: 96.7 MB.

Unloading 27 unused Assets to reduce memory usage. Loaded Objects now: 2615.
Total: 6.991400 ms (FindLiveObjects: 0.897900 ms CreateObjectMapping: 0.193500 ms MarkObjects: 5.730400 ms  DeleteObjects: 0.166200 ms)

========================================================================
Received Import Request.
  path: Assets/Cenas/#KEN.psd
  artifactKey: Guid(5c21f075053fcaf4fb9fb1141143f8c2) Importer(815301076,1909f56bfc062723c751e8b465ee728b)
Start importing Assets/Cenas/#KEN.psd using Guid(5c21f075053fcaf4fb9fb1141143f8c2) Importer(815301076,1909f56bfc062723c751e8b465ee728b)  -> (artifact id: '994b08be06c5954c0f666bdd05464ca0') in 0.413697 seconds
  Import took 0.420560 seconds .

========================================================================
Received Import Request.
  Time since last request: 0.000341 seconds.
  path: Assets/Cenas/PHOTON.unity
  artifactKey: Guid(70eaf2bf4e63d674ba98c94613aba3ca) Importer(815301076,1909f56bfc062723c751e8b465ee728b)
Start importing Assets/Cenas/PHOTON.unity using Guid(70eaf2bf4e63d674ba98c94613aba3ca) Importer(815301076,1909f56bfc062723c751e8b465ee728b)  -> (artifact id: 'e58691845f1be6cb5738044b8aa3ee10') in 0.003154 seconds
  Import took 0.009634 seconds .

AssetImportWorkerClient::OnTransportError - code=2 error=End of file
